###############################################################################
#
# IAR ANSI C/C++ Compiler V9.30.1.335/W64 for ARM         29/Mar/2023  12:57:59
# Copyright 1999-2022 IAR Systems AB.
#
#    Cpu mode                     =  thumb
#    Endian                       =  little
#    Source file                  =
#        R:\POIP\POIP\POIP2\Rabots\Rabota_4\RTOS\RtosWrapper\AHardware\IrqController\irqcontroller.cpp
#    Command line                 =
#        -f
#        R:\POIP\POIP\POIP2\Rabots\Rabota_4\RTOS\RtosWrapper\Debug\Obj\AHardware\IrqController\irqcontroller.o.rsp
#        (R:\POIP\POIP\POIP2\Rabots\Rabota_4\RTOS\RtosWrapper\AHardware\IrqController\irqcontroller.cpp
#        -lC
#        R:\POIP\POIP\POIP2\Rabots\Rabota_4\RTOS\RtosWrapper\Debug\List\AHardware\IrqController
#        -lA
#        R:\POIP\POIP\POIP2\Rabots\Rabota_4\RTOS\RtosWrapper\Debug\List\AHardware\IrqController
#        -o
#        R:\POIP\POIP\POIP2\Rabots\Rabota_4\RTOS\RtosWrapper\Debug\Obj\AHardware\IrqController
#        --no_cse --no_unroll --no_inline --no_code_motion --no_tbaa
#        --no_clustering --no_scheduling --debug --endian=little
#        --cpu=Cortex-M4 -e --fpu=VFPv4_sp --dlib_config
#        R:\Program\IAR\arm\inc\c\DLib_Config_Normal.h -I
#        R:\POIP\POIP\POIP2\Rabots\Rabota_4\RTOS\RtosWrapper\Rtos\ -I
#        R:\POIP\POIP\POIP2\Rabots\Rabota_4\RTOS\RtosWrapper\Rtos\wrapper\ -I
#        R:\POIP\POIP\POIP2\Rabots\Rabota_4\RTOS\RtosWrapper\Rtos\wrapper\FreeRtos\
#        -I R:\POIP\POIP\POIP2\Rabots\Rabota_4\RTOS\RtosWrapper\Rtos\FreeRtos\
#        -I
#        R:\POIP\POIP\POIP2\Rabots\Rabota_4\RTOS\RtosWrapper\Rtos\FreeRtos\include\
#        -I
#        R:\POIP\POIP\POIP2\Rabots\Rabota_4\RTOS\RtosWrapper\Rtos\FreeRtos\portable\
#        -I
#        R:\POIP\POIP\POIP2\Rabots\Rabota_4\RTOS\RtosWrapper\Rtos\FreeRtos\portable\Common\
#        -I
#        R:\POIP\POIP\POIP2\Rabots\Rabota_4\RTOS\RtosWrapper\Rtos\FreeRtos\portable\IAR\
#        -I
#        R:\POIP\POIP\POIP2\Rabots\Rabota_4\RTOS\RtosWrapper\Rtos\FreeRtos\portable\IAR\ARM_CM4F\
#        -I
#        R:\POIP\POIP\POIP2\Rabots\Rabota_4\RTOS\RtosWrapper\Rtos\FreeRtos\portable\MemMang\
#        -I R:\POIP\POIP\POIP2\Rabots\Rabota_4\RTOS\RtosWrapper\MyTasks\ -I
#        R:\POIP\POIP\POIP2\Rabots\Rabota_4\RTOS\RtosWrapper\Common\ -I
#        R:\POIP\POIP\POIP2\Rabots\Rabota_4\RTOS\RtosWrapper\CMSIS\ -I
#        R:\POIP\POIP\POIP2\Rabots\Rabota_4\RTOS\RtosWrapper\Application\ -I
#        R:\POIP\POIP\POIP2\Rabots\Rabota_4\RTOS\RtosWrapper\Application\Diagnostic\
#        -I R:\POIP\POIP\POIP2\Rabots\Rabota_4\RTOS\RtosWrapper\AHardware\ -I
#        R:\POIP\POIP\POIP2\Rabots\Rabota_4\RTOS\RtosWrapper\AHardware\GpioPort\
#        -I
#        R:\POIP\POIP\POIP2\Rabots\Rabota_4\RTOS\RtosWrapper\AHardware\IrqController\
#        -I
#        R:\POIP\POIP\POIP2\Rabots\Rabota_4\RTOS\RtosWrapper\..\CortexLib\AbstractHardware\Pin\
#        -I
#        R:\POIP\POIP\POIP2\Rabots\Rabota_4\RTOS\RtosWrapper\..\CortexLib\AbstractHardware\Registers\STM32F411\FieldValues\
#        -I
#        R:\POIP\POIP\POIP2\Rabots\Rabota_4\RTOS\RtosWrapper\..\CortexLib\AbstractHardware\Registers\STM32F411\
#        -I
#        R:\POIP\POIP\POIP2\Rabots\Rabota_4\RTOS\RtosWrapper\..\CortexLib\AbstractHardware\Registers\
#        -I
#        R:\POIP\POIP\POIP2\Rabots\Rabota_4\RTOS\RtosWrapper\..\CortexLib\AbstractHardware\Port\
#        -I
#        R:\POIP\POIP\POIP2\Rabots\Rabota_4\RTOS\RtosWrapper\..\CortexLib\AbstractHardware\Atomic\
#        -I
#        R:\POIP\POIP\POIP2\Rabots\Rabota_4\RTOS\RtosWrapper\..\CortexLib\Common\
#        -I
#        R:\POIP\POIP\POIP2\Rabots\Rabota_4\RTOS\RtosWrapper\..\CortexLib\Common\Singleton\
#        -I
#        R:\POIP\POIP\POIP2\Rabots\Rabota_4\RTOS\RtosWrapper\..\CortexLib\Common\RomObject\
#        -Ol --c++ --no_exceptions --no_rtti) --dependencies=n
#        R:\POIP\POIP\POIP2\Rabots\Rabota_4\RTOS\RtosWrapper\Debug\Obj\AHardware\IrqController\irqcontroller.o.d
#    Locale                       =  C
#    List file                    =
#        R:\POIP\POIP\POIP2\Rabots\Rabota_4\RTOS\RtosWrapper\Debug\List\AHardware\IrqController\irqcontroller.lst
#    Object file                  =
#        R:\POIP\POIP\POIP2\Rabots\Rabota_4\RTOS\RtosWrapper\Debug\Obj\AHardware\IrqController\irqcontroller.o
#    Runtime model:                  
#      __CPP_Exceptions           =  Disabled
#      __CPP_Language             =  C++14
#      __CPP_Library              =  DLib
#      __CPP_Runtime              =  1
#      __SystemLibrary            =  DLib
#      __dlib_file_descriptor     =  0
#      __dlib_full_locale_support =  0
#      __dlib_version             =  6
#
###############################################################################

R:\POIP\POIP\POIP2\Rabots\Rabota_4\RTOS\RtosWrapper\AHardware\IrqController\irqcontroller.cpp
      1          //
      2          // Created by Sergey on 27.08.2018.
      3          //
      4          #include "irqcontroller.hpp"
      5          #include "../../Application/userbutton.hpp"
      6          

   \                                 In section .text, align 2, keep-with-next
      7          void IrqController::HandleIrqExtiLine15_10()
      8          {
      9            //EXTI->PR = EXTI_PR_PR13 ;
     10            //UserButton::GetInstance().HandleInterrupt();
     11          }
   \                     _ZN13IrqController22HandleIrqExtiLine15_10Ev: (+1)
   \        0x0   0x4770             BX       LR

   Maximum stack usage in bytes:

   .cstack Function
   ------- --------
       0   IrqController::HandleIrqExtiLine15_10()


   Section sizes:

   Bytes  Function/Label
   -----  --------------
       2  IrqController::HandleIrqExtiLine15_10()

 
 2 bytes in section .text
 
 2 bytes of CODE memory

Errors: none
Warnings: none
